<?xml version="1.0" encoding="UTF-8"?>
<testsuite name="com.iconloop.score.example.SampleTokenTest" tests="6" skipped="0" failures="0" errors="0" timestamp="2022-10-25T09:31:37" hostname="ubuntu" time="0.033">
  <properties/>
  <testcase name="symbol()" classname="com.iconloop.score.example.SampleTokenTest" time="0.015"/>
  <testcase name="totalSupply()" classname="com.iconloop.score.example.SampleTokenTest" time="0.003"/>
  <testcase name="name()" classname="com.iconloop.score.example.SampleTokenTest" time="0.001"/>
  <testcase name="balanceOf()" classname="com.iconloop.score.example.SampleTokenTest" time="0.001"/>
  <testcase name="decimals()" classname="com.iconloop.score.example.SampleTokenTest" time="0.002"/>
  <testcase name="transfer()" classname="com.iconloop.score.example.SampleTokenTest" time="0.002"/>
  <system-out><![CDATA[]]></system-out>
  <system-err><![CDATA[]]></system-err>
</testsuite>
